{"C:\\Users\\Administrateur\\Desktop\\TDDjest\\src\\Calculatrice\\Calculatrice.ts": {"path":"C:\\Users\\Administrateur\\Desktop\\TDDjest\\src\\Calculatrice\\Calculatrice.ts","statementMap":{"0":{"start":{"line":4,"column":18},"end":{"line":4,"column":19}},"1":{"start":{"line":5,"column":8},"end":{"line":5,"column":30}},"2":{"start":{"line":6,"column":8},"end":{"line":6,"column":31}},"3":{"start":{"line":11,"column":0},"end":{"line":11,"column":null}}},"fnMap":{"0":{"name":"(anonymous_0)","decl":{"start":{"line":3,"column":4},"end":{"line":3,"column":10}},"loc":{"start":{"line":3,"column":52},"end":{"line":7,"column":5}}}},"branchMap":{},"s":{"0":3,"1":3,"2":3,"3":1},"f":{"0":3},"b":{}}
}
